<?xml version="1.0" encoding="UTF-8"?>
<testsuite name="at.alphaplan.AlphaWeb.security.PasswordServiceTest" tests="4" skipped="0" failures="0" errors="0" timestamp="2024-06-11T17:58:33" hostname="Vincents-MacBook-Air.local" time="0.288">
  <properties/>
  <testcase name="encode_shouldReturnHashes_whenProvidingStrongPasswords()" classname="at.alphaplan.AlphaWeb.security.PasswordServiceTest" time="0.075"/>
  <testcase name="encode_shouldReturnDifferentHashes_whenHashingSamePassword()" classname="at.alphaplan.AlphaWeb.security.PasswordServiceTest" time="0.141"/>
  <testcase name="encode_shouldThrow_whenProvidingWeakPasswords()" classname="at.alphaplan.AlphaWeb.security.PasswordServiceTest" time="0.002"/>
  <testcase name="encode_shouldPass_whenProvidingStrongPasswords()" classname="at.alphaplan.AlphaWeb.security.PasswordServiceTest" time="0.07"/>
  <system-out><![CDATA[
  .   ____          _            __ _ _
 /\\ / ___'_ __ _ _(_)_ __  __ _ \ \ \ \
( ( )\___ | '_ | '_| | '_ \/ _` | \ \ \ \
 \\/  ___)| |_)| | | | | || (_| |  ) ) ) )
  '  |____| .__|_| |_|_| |_\__, | / / / /
 =========|_|==============|___/=/_/_/_/
 :: Spring Boot ::                (v3.2.1)

2024-06-11T19:58:33.488+02:00  INFO 3389 --- [    Test worker] a.a.A.security.PasswordServiceTest       : Starting PasswordServiceTest using Java 21.0.1 with PID 3389 (started by vincent in /Users/vincent/Spengergasse/DiplomprojektAlphaPlan/AlphaWebBackend/AlphaWebApp)
2024-06-11T19:58:33.488+02:00  INFO 3389 --- [    Test worker] a.a.A.security.PasswordServiceTest       : No active profile set, falling back to 1 default profile: "default"
2024-06-11T19:58:33.505+02:00  INFO 3389 --- [    Test worker] a.a.A.security.PasswordServiceTest       : Started PasswordServiceTest in 0.024 seconds (process running for 2.84)
{bcrypt}$2a$10$hoDWCrje22XutFZAbPRAxeZZguYUx4fYMAMut3PV16Wr2qA17O8xW
]]></system-out>
  <system-err><![CDATA[]]></system-err>
</testsuite>
