<?xml version="1.0" encoding="UTF-8"?>
<testsuite name="at.alphaplan.AlphaWeb.presentation.UserRegistrationControllerTest" tests="1" skipped="0" failures="0" errors="0" timestamp="2024-06-05T16:23:57" hostname="Vincents-MacBook-Air.local" time="1.138">
  <properties/>
  <testcase name="givenNonExistingUser_whenUserRegisters_ThenAccountIsCreated()" classname="at.alphaplan.AlphaWeb.presentation.UserRegistrationControllerTest" time="1.138"/>
  <system-out><![CDATA[18:23:56.465 [Test worker] INFO org.springframework.test.context.support.AnnotationConfigContextLoaderUtils -- Could not detect default configuration classes for test class [at.alphaplan.AlphaWeb.presentation.UserRegistrationControllerTest]: UserRegistrationControllerTest does not declare any static, non-private, non-final, nested classes annotated with @Configuration.
18:23:56.515 [Test worker] INFO org.springframework.boot.test.context.SpringBootTestContextBootstrapper -- Found @SpringBootConfiguration at.alphaplan.AlphaWeb.AlphaWebApplication for test class at.alphaplan.AlphaWeb.presentation.UserRegistrationControllerTest

  .   ____          _            __ _ _
 /\\ / ___'_ __ _ _(_)_ __  __ _ \ \ \ \
( ( )\___ | '_ | '_| | '_ \/ _` | \ \ \ \
 \\/  ___)| |_)| | | | | || (_| |  ) ) ) )
  '  |____| .__|_| |_|_| |_\__, | / / / /
 =========|_|==============|___/=/_/_/_/
 :: Spring Boot ::                (v3.2.1)

2024-06-05T18:23:56.657+02:00  INFO 25229 --- [    Test worker] a.a.A.p.UserRegistrationControllerTest   : Starting UserRegistrationControllerTest using Java 20.0.2.1 with PID 25229 (started by vincent in /Users/vincent/Spengergasse/DiplomprojektAlphaPlan/AlphaWebBackend/AlphaWebApp)
2024-06-05T18:23:56.658+02:00  INFO 25229 --- [    Test worker] a.a.A.p.UserRegistrationControllerTest   : No active profile set, falling back to 1 default profile: "default"
2024-06-05T18:23:56.966+02:00  INFO 25229 --- [    Test worker] .s.d.r.c.RepositoryConfigurationDelegate : Bootstrapping Spring Data MongoDB repositories in DEFAULT mode.
2024-06-05T18:23:56.989+02:00  INFO 25229 --- [    Test worker] .s.d.r.c.RepositoryConfigurationDelegate : Finished Spring Data repository scanning in 20 ms. Found 1 MongoDB repository interface.
2024-06-05T18:23:57.201+02:00  INFO 25229 --- [    Test worker] o.s.b.w.embedded.tomcat.TomcatWebServer  : Tomcat initialized with port 0 (http)
2024-06-05T18:23:57.208+02:00  INFO 25229 --- [    Test worker] o.apache.catalina.core.StandardService   : Starting service [Tomcat]
2024-06-05T18:23:57.208+02:00  INFO 25229 --- [    Test worker] o.apache.catalina.core.StandardEngine    : Starting Servlet engine: [Apache Tomcat/10.1.17]
2024-06-05T18:23:57.235+02:00  INFO 25229 --- [    Test worker] o.a.c.c.C.[Tomcat].[localhost].[/]       : Initializing Spring embedded WebApplicationContext
2024-06-05T18:23:57.236+02:00  INFO 25229 --- [    Test worker] w.s.c.ServletWebServerApplicationContext : Root WebApplicationContext: initialization completed in 492 ms
2024-06-05T18:23:57.324+02:00  INFO 25229 --- [    Test worker] org.mongodb.driver.client                : MongoClient with metadata {"driver": {"name": "mongo-java-driver|sync|spring-boot", "version": "4.11.1"}, "os": {"type": "Darwin", "name": "Mac OS X", "architecture": "aarch64", "version": "14.5"}, "platform": "Java/Amazon.com Inc./20.0.2.1+10-FR"} created with settings MongoClientSettings{readPreference=primary, writeConcern=WriteConcern{w=null, wTimeout=null ms, journal=null}, retryWrites=true, retryReads=true, readConcern=ReadConcern{level=null}, credential=null, transportSettings=null, streamFactoryFactory=null, commandListeners=[], codecRegistry=ProvidersCodecRegistry{codecProviders=[ValueCodecProvider{}, BsonValueCodecProvider{}, DBRefCodecProvider{}, DBObjectCodecProvider{}, DocumentCodecProvider{}, CollectionCodecProvider{}, IterableCodecProvider{}, MapCodecProvider{}, GeoJsonCodecProvider{}, GridFSFileCodecProvider{}, Jsr310CodecProvider{}, JsonObjectCodecProvider{}, BsonCodecProvider{}, EnumCodecProvider{}, com.mongodb.client.model.mql.ExpressionCodecProvider@6f8667bb, com.mongodb.Jep395RecordCodecProvider@100d0218, com.mongodb.KotlinCodecProvider@2774dcf4]}, loggerSettings=LoggerSettings{maxDocumentLength=1000}, clusterSettings={hosts=[localhost:27017], srvServiceName=mongodb, mode=SINGLE, requiredClusterType=UNKNOWN, requiredReplicaSetName='null', serverSelector='null', clusterListeners='[]', serverSelectionTimeout='30000 ms', localThreshold='15 ms'}, socketSettings=SocketSettings{connectTimeoutMS=10000, readTimeoutMS=0, receiveBufferSize=0, proxySettings=ProxySettings{host=null, port=null, username=null, password=null}}, heartbeatSocketSettings=SocketSettings{connectTimeoutMS=10000, readTimeoutMS=10000, receiveBufferSize=0, proxySettings=ProxySettings{host=null, port=null, username=null, password=null}}, connectionPoolSettings=ConnectionPoolSettings{maxSize=100, minSize=0, maxWaitTimeMS=120000, maxConnectionLifeTimeMS=0, maxConnectionIdleTimeMS=0, maintenanceInitialDelayMS=0, maintenanceFrequencyMS=60000, connectionPoolListeners=[], maxConnecting=2}, serverSettings=ServerSettings{heartbeatFrequencyMS=10000, minHeartbeatFrequencyMS=500, serverListeners='[]', serverMonitorListeners='[]'}, sslSettings=SslSettings{enabled=false, invalidHostNameAllowed=false, context=null}, applicationName='null', compressorList=[], uuidRepresentation=JAVA_LEGACY, serverApi=null, autoEncryptionSettings=null, dnsClient=null, inetAddressResolver=null, contextProvider=null}
2024-06-05T18:23:57.346+02:00  INFO 25229 --- [localhost:27017] org.mongodb.driver.cluster               : Monitor thread successfully connected to server with description ServerDescription{address=localhost:27017, type=STANDALONE, state=CONNECTED, ok=true, minWireVersion=0, maxWireVersion=21, maxDocumentSize=16777216, logicalSessionTimeoutMinutes=30, roundTripTimeNanos=19102750}
2024-06-05T18:23:57.673+02:00  INFO 25229 --- [    Test worker] o.s.s.web.DefaultSecurityFilterChain     : Will secure any request with [org.springframework.security.web.session.DisableEncodeUrlFilter@408d945b, org.springframework.security.web.context.request.async.WebAsyncManagerIntegrationFilter@15ad5acb, org.springframework.security.web.context.SecurityContextHolderFilter@3595086b, org.springframework.security.web.header.HeaderWriterFilter@7d5a0b14, org.springframework.security.web.authentication.logout.LogoutFilter@35ff072c, org.springframework.security.web.authentication.www.BasicAuthenticationFilter@55e5415d, org.springframework.security.web.savedrequest.RequestCacheAwareFilter@7157413e, org.springframework.security.web.servletapi.SecurityContextHolderAwareRequestFilter@3245efdb, org.springframework.security.web.authentication.AnonymousAuthenticationFilter@59c862af, org.springframework.security.web.session.SessionManagementFilter@279e1422, org.springframework.security.web.access.ExceptionTranslationFilter@77a4bac, org.springframework.security.web.access.intercept.AuthorizationFilter@146833a2]
2024-06-05T18:23:57.751+02:00  INFO 25229 --- [    Test worker] o.s.b.w.embedded.tomcat.TomcatWebServer  : Tomcat started on port 56203 (http) with context path ''
2024-06-05T18:23:57.756+02:00  INFO 25229 --- [    Test worker] a.a.A.p.UserRegistrationControllerTest   : Started UserRegistrationControllerTest in 1.189 seconds (process running for 1.637)
2024-06-05T18:23:58.626+02:00  INFO 25229 --- [o-auto-1-exec-1] o.a.c.c.C.[Tomcat].[localhost].[/]       : Initializing Spring DispatcherServlet 'dispatcherServlet'
2024-06-05T18:23:58.626+02:00  INFO 25229 --- [o-auto-1-exec-1] o.s.web.servlet.DispatcherServlet        : Initializing Servlet 'dispatcherServlet'
2024-06-05T18:23:58.627+02:00  INFO 25229 --- [o-auto-1-exec-1] o.s.web.servlet.DispatcherServlet        : Completed initialization in 1 ms
2024-06-05T18:23:58.656+02:00  INFO 25229 --- [o-auto-1-exec-1] a.a.A.service.UserRegistrationService    : User registration with email vincent.marschalek@yahoo.de
2024-06-05T18:23:58.923+02:00  INFO 25229 --- [o-auto-1-exec-1] a.a.AlphaWeb.email.LoggerMailSenderImpl  : Sending E-Mail via LoggerMailSenderImpl
2024-06-05T18:23:58.923+02:00  INFO 25229 --- [o-auto-1-exec-1] a.a.AlphaWeb.email.LoggerMailSenderImpl  : RECIPIENT: vincent.marschalek@yahoo.de, SUBJECT: Click the link and verify your email to move on., BODY: http://localhost:8080/api/registration/token?userId=aad8166b-c2d6-4a58-9ac8-c061b171d616&tokenId=604187a8-8eff-4bf2-adc1-557034d69974
2024-06-05T18:23:58.951+02:00  INFO 25229 --- [o-auto-1-exec-1] a.a.A.service.UserRegistrationService    : User registration with email vincent.marschalek@yahoo.de successful
]]></system-out>
  <system-err><![CDATA[]]></system-err>
</testsuite>
