<?xml version="1.0" encoding="UTF-8"?>
<testsuite name="at.alphaplan.AlphaWeb.AlphaWebApplicationTests" tests="1" skipped="0" failures="0" errors="0" timestamp="2024-01-05T17:34:55" hostname="Vincents-MacBook-Air.local" time="0.505">
  <properties/>
  <testcase name="contextLoads()" classname="at.alphaplan.AlphaWeb.AlphaWebApplicationTests" time="0.505"/>
  <system-out><![CDATA[18:34:53.851 [Test worker] INFO org.springframework.test.context.support.AnnotationConfigContextLoaderUtils -- Could not detect default configuration classes for test class [at.alphaplan.AlphaWeb.AlphaWebApplicationTests]: AlphaWebApplicationTests does not declare any static, non-private, non-final, nested classes annotated with @Configuration.
18:34:53.908 [Test worker] INFO org.springframework.boot.test.context.SpringBootTestContextBootstrapper -- Found @SpringBootConfiguration at.alphaplan.AlphaWeb.AlphaWebApplication for test class at.alphaplan.AlphaWeb.AlphaWebApplicationTests

  .   ____          _            __ _ _
 /\\ / ___'_ __ _ _(_)_ __  __ _ \ \ \ \
( ( )\___ | '_ | '_| | '_ \/ _` | \ \ \ \
 \\/  ___)| |_)| | | | | || (_| |  ) ) ) )
  '  |____| .__|_| |_|_| |_\__, | / / / /
 =========|_|==============|___/=/_/_/_/
 :: Spring Boot ::                (v3.2.1)

2024-01-05T18:34:54.115+01:00  INFO 8440 --- [    Test worker] a.a.AlphaWeb.AlphaWebApplicationTests    : Starting AlphaWebApplicationTests using Java 21.0.1 with PID 8440 (started by vincent in /Users/vincent/Spengergasse/DiplomprojektAlphaPlan/AlphaWebBackend/AlphaWebApp)
2024-01-05T18:34:54.116+01:00  INFO 8440 --- [    Test worker] a.a.AlphaWeb.AlphaWebApplicationTests    : No active profile set, falling back to 1 default profile: "default"
2024-01-05T18:34:54.450+01:00  INFO 8440 --- [    Test worker] .s.d.r.c.RepositoryConfigurationDelegate : Bootstrapping Spring Data MongoDB repositories in DEFAULT mode.
2024-01-05T18:34:54.459+01:00  INFO 8440 --- [    Test worker] .s.d.r.c.RepositoryConfigurationDelegate : Finished Spring Data repository scanning in 7 ms. Found 0 MongoDB repository interfaces.
2024-01-05T18:34:54.903+01:00  INFO 8440 --- [    Test worker] org.mongodb.driver.client                : MongoClient with metadata {"driver": {"name": "mongo-java-driver|sync|spring-boot", "version": "4.11.1"}, "os": {"type": "Darwin", "name": "Mac OS X", "architecture": "aarch64", "version": "14.2.1"}, "platform": "Java/Oracle Corporation/21.0.1+12-29"} created with settings MongoClientSettings{readPreference=primary, writeConcern=WriteConcern{w=null, wTimeout=null ms, journal=null}, retryWrites=true, retryReads=true, readConcern=ReadConcern{level=null}, credential=null, transportSettings=null, streamFactoryFactory=null, commandListeners=[], codecRegistry=ProvidersCodecRegistry{codecProviders=[ValueCodecProvider{}, BsonValueCodecProvider{}, DBRefCodecProvider{}, DBObjectCodecProvider{}, DocumentCodecProvider{}, CollectionCodecProvider{}, IterableCodecProvider{}, MapCodecProvider{}, GeoJsonCodecProvider{}, GridFSFileCodecProvider{}, Jsr310CodecProvider{}, JsonObjectCodecProvider{}, BsonCodecProvider{}, EnumCodecProvider{}, com.mongodb.client.model.mql.ExpressionCodecProvider@6544899b, com.mongodb.Jep395RecordCodecProvider@6da54910, com.mongodb.KotlinCodecProvider@1bd8afc8]}, loggerSettings=LoggerSettings{maxDocumentLength=1000}, clusterSettings={hosts=[localhost:27017], srvServiceName=mongodb, mode=SINGLE, requiredClusterType=UNKNOWN, requiredReplicaSetName='null', serverSelector='null', clusterListeners='[]', serverSelectionTimeout='30000 ms', localThreshold='15 ms'}, socketSettings=SocketSettings{connectTimeoutMS=10000, readTimeoutMS=0, receiveBufferSize=0, proxySettings=ProxySettings{host=null, port=null, username=null, password=null}}, heartbeatSocketSettings=SocketSettings{connectTimeoutMS=10000, readTimeoutMS=10000, receiveBufferSize=0, proxySettings=ProxySettings{host=null, port=null, username=null, password=null}}, connectionPoolSettings=ConnectionPoolSettings{maxSize=100, minSize=0, maxWaitTimeMS=120000, maxConnectionLifeTimeMS=0, maxConnectionIdleTimeMS=0, maintenanceInitialDelayMS=0, maintenanceFrequencyMS=60000, connectionPoolListeners=[], maxConnecting=2}, serverSettings=ServerSettings{heartbeatFrequencyMS=10000, minHeartbeatFrequencyMS=500, serverListeners='[]', serverMonitorListeners='[]'}, sslSettings=SslSettings{enabled=false, invalidHostNameAllowed=false, context=null}, applicationName='null', compressorList=[], uuidRepresentation=JAVA_LEGACY, serverApi=null, autoEncryptionSettings=null, dnsClient=null, inetAddressResolver=null, contextProvider=null}
2024-01-05T18:34:54.916+01:00  INFO 8440 --- [localhost:27017] org.mongodb.driver.cluster               : Monitor thread successfully connected to server with description ServerDescription{address=localhost:27017, type=STANDALONE, state=CONNECTED, ok=true, minWireVersion=0, maxWireVersion=21, maxDocumentSize=16777216, logicalSessionTimeoutMinutes=30, roundTripTimeNanos=10192041}
2024-01-05T18:34:55.027+01:00  WARN 8440 --- [    Test worker] .s.s.UserDetailsServiceAutoConfiguration : 

Using generated security password: c945d75c-1397-47c2-bc92-39d40cfd8e7f

This generated password is for development use only. Your security configuration must be updated before running your application in production.

2024-01-05T18:34:55.097+01:00  INFO 8440 --- [    Test worker] o.s.s.web.DefaultSecurityFilterChain     : Will secure any request with [org.springframework.security.web.session.DisableEncodeUrlFilter@7f93f4c, org.springframework.security.web.context.request.async.WebAsyncManagerIntegrationFilter@598657cd, org.springframework.security.web.context.SecurityContextHolderFilter@e4ca109, org.springframework.security.web.header.HeaderWriterFilter@6dded900, org.springframework.web.filter.CorsFilter@456aa471, org.springframework.security.web.csrf.CsrfFilter@376af784, org.springframework.security.web.authentication.logout.LogoutFilter@56c42964, org.springframework.security.web.authentication.UsernamePasswordAuthenticationFilter@56835f2f, org.springframework.security.web.authentication.ui.DefaultLoginPageGeneratingFilter@4c6bba7d, org.springframework.security.web.authentication.ui.DefaultLogoutPageGeneratingFilter@69e2fe3b, org.springframework.security.web.authentication.www.BasicAuthenticationFilter@39ace1a7, org.springframework.security.web.savedrequest.RequestCacheAwareFilter@1a17dd6f, org.springframework.security.web.servletapi.SecurityContextHolderAwareRequestFilter@be6d228, org.springframework.security.web.authentication.AnonymousAuthenticationFilter@27afbf14, org.springframework.security.web.access.ExceptionTranslationFilter@3386c206, org.springframework.security.web.access.intercept.AuthorizationFilter@5112b7]
2024-01-05T18:34:55.128+01:00  INFO 8440 --- [    Test worker] a.a.AlphaWeb.AlphaWebApplicationTests    : Started AlphaWebApplicationTests in 1.14 seconds (process running for 1.776)
]]></system-out>
  <system-err><![CDATA[WARNING: A Java agent has been loaded dynamically (/Users/vincent/.gradle/caches/modules-2/files-2.1/net.bytebuddy/byte-buddy-agent/1.14.10/90ed94ac044ea8953b224304c762316e91fd6b31/byte-buddy-agent-1.14.10.jar)
WARNING: If a serviceability tool is in use, please run with -XX:+EnableDynamicAgentLoading to hide this warning
WARNING: If a serviceability tool is not in use, please run with -Djdk.instrument.traceUsage for more information
WARNING: Dynamic loading of agents will be disallowed by default in a future release
]]></system-err>
</testsuite>
