<?xml version="1.0" encoding="UTF-8"?>
<testsuite name="at.alphaplan.AlphaWeb.security.PasswordServiceTest" tests="3" skipped="0" failures="0" errors="0" timestamp="2024-02-22T15:20:17" hostname="Vincents-MacBook-Air.local" time="0.159">
  <properties/>
  <testcase name="encode_ShouldReturnHashes_WhenProvidingStrongPasswords()" classname="at.alphaplan.AlphaWeb.security.PasswordServiceTest" time="0.085"/>
  <testcase name="encode_ShouldPass_WhenProvidingStrongPasswords()" classname="at.alphaplan.AlphaWeb.security.PasswordServiceTest" time="0.071"/>
  <testcase name="encode_ShouldFail_WhenProvidingWeakPasswords()" classname="at.alphaplan.AlphaWeb.security.PasswordServiceTest" time="0.002"/>
  <system-out><![CDATA[Score:4
Score:4
Score:0
]]></system-out>
  <system-err><![CDATA[]]></system-err>
</testsuite>
