<?xml version="1.0" encoding="UTF-8"?>
<testsuite name="at.alphaplan.AlphaWeb.presentation.UserRegistrationControllerTest" tests="1" skipped="0" failures="0" errors="0" timestamp="2024-04-29T09:27:46" hostname="Vincents-MacBook-Air.local" time="1.474">
  <properties/>
  <testcase name="whenUserRegisters_ThenAccountIsCreated()" classname="at.alphaplan.AlphaWeb.presentation.UserRegistrationControllerTest" time="1.474"/>
  <system-out><![CDATA[11:27:44.126 [Test worker] INFO org.springframework.test.context.support.AnnotationConfigContextLoaderUtils -- Could not detect default configuration classes for test class [at.alphaplan.AlphaWeb.presentation.UserRegistrationControllerTest]: UserRegistrationControllerTest does not declare any static, non-private, non-final, nested classes annotated with @Configuration.
11:27:44.207 [Test worker] INFO org.springframework.boot.test.context.SpringBootTestContextBootstrapper -- Found @SpringBootConfiguration at.alphaplan.AlphaWeb.AlphaWebApplication for test class at.alphaplan.AlphaWeb.presentation.UserRegistrationControllerTest

  .   ____          _            __ _ _
 /\\ / ___'_ __ _ _(_)_ __  __ _ \ \ \ \
( ( )\___ | '_ | '_| | '_ \/ _` | \ \ \ \
 \\/  ___)| |_)| | | | | || (_| |  ) ) ) )
  '  |____| .__|_| |_|_| |_\__, | / / / /
 =========|_|==============|___/=/_/_/_/
 :: Spring Boot ::                (v3.2.1)

2024-04-29T11:27:44.453+02:00  INFO 25201 --- [    Test worker] a.a.A.p.UserRegistrationControllerTest   : Starting UserRegistrationControllerTest using Java 20.0.2.1 with PID 25201 (started by vincent in /Users/vincent/Spengergasse/DiplomprojektAlphaPlan/AlphaWebBackend/AlphaWebApp)
2024-04-29T11:27:44.454+02:00  INFO 25201 --- [    Test worker] a.a.A.p.UserRegistrationControllerTest   : No active profile set, falling back to 1 default profile: "default"
2024-04-29T11:27:45.192+02:00  INFO 25201 --- [    Test worker] .s.d.r.c.RepositoryConfigurationDelegate : Bootstrapping Spring Data MongoDB repositories in DEFAULT mode.
2024-04-29T11:27:45.229+02:00  INFO 25201 --- [    Test worker] .s.d.r.c.RepositoryConfigurationDelegate : Finished Spring Data repository scanning in 33 ms. Found 1 MongoDB repository interface.
2024-04-29T11:27:45.675+02:00  INFO 25201 --- [    Test worker] o.s.b.w.embedded.tomcat.TomcatWebServer  : Tomcat initialized with port 0 (http)
2024-04-29T11:27:45.690+02:00  INFO 25201 --- [    Test worker] o.apache.catalina.core.StandardService   : Starting service [Tomcat]
2024-04-29T11:27:45.690+02:00  INFO 25201 --- [    Test worker] o.apache.catalina.core.StandardEngine    : Starting Servlet engine: [Apache Tomcat/10.1.17]
2024-04-29T11:27:45.740+02:00  INFO 25201 --- [    Test worker] o.a.c.c.C.[Tomcat].[localhost].[/]       : Initializing Spring embedded WebApplicationContext
2024-04-29T11:27:45.741+02:00  INFO 25201 --- [    Test worker] w.s.c.ServletWebServerApplicationContext : Root WebApplicationContext: initialization completed in 1137 ms
2024-04-29T11:27:45.958+02:00  INFO 25201 --- [    Test worker] org.mongodb.driver.client                : MongoClient with metadata {"driver": {"name": "mongo-java-driver|sync|spring-boot", "version": "4.11.1"}, "os": {"type": "Darwin", "name": "Mac OS X", "architecture": "aarch64", "version": "14.4.1"}, "platform": "Java/Amazon.com Inc./20.0.2.1+10-FR"} created with settings MongoClientSettings{readPreference=primary, writeConcern=WriteConcern{w=null, wTimeout=null ms, journal=null}, retryWrites=true, retryReads=true, readConcern=ReadConcern{level=null}, credential=null, transportSettings=null, streamFactoryFactory=null, commandListeners=[], codecRegistry=ProvidersCodecRegistry{codecProviders=[ValueCodecProvider{}, BsonValueCodecProvider{}, DBRefCodecProvider{}, DBObjectCodecProvider{}, DocumentCodecProvider{}, CollectionCodecProvider{}, IterableCodecProvider{}, MapCodecProvider{}, GeoJsonCodecProvider{}, GridFSFileCodecProvider{}, Jsr310CodecProvider{}, JsonObjectCodecProvider{}, BsonCodecProvider{}, EnumCodecProvider{}, com.mongodb.client.model.mql.ExpressionCodecProvider@18907af2, com.mongodb.Jep395RecordCodecProvider@658e7ead, com.mongodb.KotlinCodecProvider@cfd5cd2]}, loggerSettings=LoggerSettings{maxDocumentLength=1000}, clusterSettings={hosts=[localhost:27017], srvServiceName=mongodb, mode=SINGLE, requiredClusterType=UNKNOWN, requiredReplicaSetName='null', serverSelector='null', clusterListeners='[]', serverSelectionTimeout='30000 ms', localThreshold='15 ms'}, socketSettings=SocketSettings{connectTimeoutMS=10000, readTimeoutMS=0, receiveBufferSize=0, proxySettings=ProxySettings{host=null, port=null, username=null, password=null}}, heartbeatSocketSettings=SocketSettings{connectTimeoutMS=10000, readTimeoutMS=10000, receiveBufferSize=0, proxySettings=ProxySettings{host=null, port=null, username=null, password=null}}, connectionPoolSettings=ConnectionPoolSettings{maxSize=100, minSize=0, maxWaitTimeMS=120000, maxConnectionLifeTimeMS=0, maxConnectionIdleTimeMS=0, maintenanceInitialDelayMS=0, maintenanceFrequencyMS=60000, connectionPoolListeners=[], maxConnecting=2}, serverSettings=ServerSettings{heartbeatFrequencyMS=10000, minHeartbeatFrequencyMS=500, serverListeners='[]', serverMonitorListeners='[]'}, sslSettings=SslSettings{enabled=false, invalidHostNameAllowed=false, context=null}, applicationName='null', compressorList=[], uuidRepresentation=JAVA_LEGACY, serverApi=null, autoEncryptionSettings=null, dnsClient=null, inetAddressResolver=null, contextProvider=null}
2024-04-29T11:27:45.976+02:00  INFO 25201 --- [localhost:27017] org.mongodb.driver.cluster               : Monitor thread successfully connected to server with description ServerDescription{address=localhost:27017, type=STANDALONE, state=CONNECTED, ok=true, minWireVersion=0, maxWireVersion=21, maxDocumentSize=16777216, logicalSessionTimeoutMinutes=30, roundTripTimeNanos=14712333}
2024-04-29T11:27:46.467+02:00  INFO 25201 --- [    Test worker] o.s.b.w.embedded.tomcat.TomcatWebServer  : Tomcat started on port 58888 (http) with context path ''
2024-04-29T11:27:46.475+02:00  INFO 25201 --- [    Test worker] a.a.A.p.UserRegistrationControllerTest   : Started UserRegistrationControllerTest in 2.182 seconds (process running for 2.984)
2024-04-29T11:27:47.646+02:00  INFO 25201 --- [o-auto-1-exec-1] o.a.c.c.C.[Tomcat].[localhost].[/]       : Initializing Spring DispatcherServlet 'dispatcherServlet'
2024-04-29T11:27:47.647+02:00  INFO 25201 --- [o-auto-1-exec-1] o.s.web.servlet.DispatcherServlet        : Initializing Servlet 'dispatcherServlet'
2024-04-29T11:27:47.649+02:00  INFO 25201 --- [o-auto-1-exec-1] o.s.web.servlet.DispatcherServlet        : Completed initialization in 2 ms
2024-04-29T11:27:47.695+02:00  INFO 25201 --- [o-auto-1-exec-1] a.a.A.p.UserRegistrationController       : user registration controller
2024-04-29T11:27:47.695+02:00  INFO 25201 --- [o-auto-1-exec-1] a.a.A.service.UserRegistrationService    : User registration with email vincent.marschalek@yahoo.de
2024-04-29T11:27:47.725+02:00  INFO 25201 --- [o-auto-1-exec-1] a.a.AlphaWeb.security.PasswordService    : encoding password
2024-04-29T11:27:47.953+02:00  INFO 25201 --- [o-auto-1-exec-1] a.a.AlphaWeb.email.LoggerMailSenderImpl  : Sending E-Mail via LoggerMailSenderImpl
2024-04-29T11:27:47.953+02:00  INFO 25201 --- [o-auto-1-exec-1] a.a.AlphaWeb.email.LoggerMailSenderImpl  : RECIPIENT: vincent.marschalek@yahoo.de
SUBJECT: Click the link and verify your email to move on.
BODY: /api/registration/token?userId=localhost&tokenId=b7450786-627d-461d-80d0-2f081b57a173
2024-04-29T11:27:47.997+02:00  INFO 25201 --- [o-auto-1-exec-1] a.a.A.service.UserRegistrationService    : User registration with email vincent.marschalek@yahoo.de successful
]]></system-out>
  <system-err><![CDATA[]]></system-err>
</testsuite>
