<?xml version="1.0" encoding="UTF-8"?>
<testsuite name="at.alphaplan.AlphaWeb.security.PasswordServiceTest" tests="4" skipped="0" failures="0" errors="0" timestamp="2024-06-26T20:26:48" hostname="Vincents-MacBook-Air.local" time="0.505">
  <properties/>
  <testcase name="encode_shouldReturnHashes_whenProvidingStrongPasswords()" classname="at.alphaplan.AlphaWeb.security.PasswordServiceTest" time="0.125"/>
  <testcase name="encode_shouldReturnDifferentHashes_whenHashingSamePassword()" classname="at.alphaplan.AlphaWeb.security.PasswordServiceTest" time="0.247"/>
  <testcase name="encode_shouldThrow_whenProvidingWeakPasswords()" classname="at.alphaplan.AlphaWeb.security.PasswordServiceTest" time="0.003"/>
  <testcase name="encode_shouldPass_whenProvidingStrongPasswords()" classname="at.alphaplan.AlphaWeb.security.PasswordServiceTest" time="0.129"/>
  <system-out><![CDATA[
  .   ____          _            __ _ _
 /\\ / ___'_ __ _ _(_)_ __  __ _ \ \ \ \
( ( )\___ | '_ | '_| | '_ \/ _` | \ \ \ \
 \\/  ___)| |_)| | | | | || (_| |  ) ) ) )
  '  |____| .__|_| |_|_| |_\__, | / / / /
 =========|_|==============|___/=/_/_/_/
 :: Spring Boot ::                (v3.2.1)

2024-06-26T22:26:48.756+02:00  INFO 4647 --- [    Test worker] a.a.A.security.PasswordServiceTest       : Starting PasswordServiceTest using Java 21.0.1 with PID 4647 (started by vincent in /Users/vincent/Spengergasse/DiplomprojektAlphaPlan/AlphaWebBackend/AlphaWebApp)
2024-06-26T22:26:48.756+02:00  INFO 4647 --- [    Test worker] a.a.A.security.PasswordServiceTest       : No active profile set, falling back to 1 default profile: "default"
2024-06-26T22:26:48.783+02:00  INFO 4647 --- [    Test worker] a.a.A.security.PasswordServiceTest       : Started PasswordServiceTest in 0.045 seconds (process running for 4.204)
{bcrypt}$2a$10$PRhYk5FvUb7GpZBD8ulCnOj3uPcYMjUIN5P4PoaZoENdPcfkES9L2
]]></system-out>
  <system-err><![CDATA[]]></system-err>
</testsuite>
