<?xml version="1.0" encoding="UTF-8"?>
<testsuite name="at.alphaplan.AlphaWeb.presentation.UserRegistrationControllerTest" tests="1" skipped="0" failures="0" errors="0" timestamp="2024-06-10T10:04:02" hostname="Vincents-MacBook-Air.local" time="1.002">
  <properties/>
  <testcase name="givenNonExistingUser_whenUserRegisters_ThenAccountIsCreated()" classname="at.alphaplan.AlphaWeb.presentation.UserRegistrationControllerTest" time="1.002"/>
  <system-out><![CDATA[12:04:01.217 [Test worker] INFO org.springframework.test.context.support.AnnotationConfigContextLoaderUtils -- Could not detect default configuration classes for test class [at.alphaplan.AlphaWeb.presentation.UserRegistrationControllerTest]: UserRegistrationControllerTest does not declare any static, non-private, non-final, nested classes annotated with @Configuration.
12:04:01.259 [Test worker] INFO org.springframework.boot.test.context.SpringBootTestContextBootstrapper -- Found @SpringBootConfiguration at.alphaplan.AlphaWeb.AlphaWebApplication for test class at.alphaplan.AlphaWeb.presentation.UserRegistrationControllerTest

  .   ____          _            __ _ _
 /\\ / ___'_ __ _ _(_)_ __  __ _ \ \ \ \
( ( )\___ | '_ | '_| | '_ \/ _` | \ \ \ \
 \\/  ___)| |_)| | | | | || (_| |  ) ) ) )
  '  |____| .__|_| |_|_| |_\__, | / / / /
 =========|_|==============|___/=/_/_/_/
 :: Spring Boot ::                (v3.2.1)

2024-06-10T12:04:01.391+02:00  INFO 5241 --- [    Test worker] a.a.A.p.UserRegistrationControllerTest   : Starting UserRegistrationControllerTest using Java 21.0.1 with PID 5241 (started by vincent in /Users/vincent/Spengergasse/DiplomprojektAlphaPlan/AlphaWebBackend/AlphaWebApp)
2024-06-10T12:04:01.392+02:00  INFO 5241 --- [    Test worker] a.a.A.p.UserRegistrationControllerTest   : No active profile set, falling back to 1 default profile: "default"
2024-06-10T12:04:01.664+02:00  INFO 5241 --- [    Test worker] .s.d.r.c.RepositoryConfigurationDelegate : Bootstrapping Spring Data MongoDB repositories in DEFAULT mode.
2024-06-10T12:04:01.685+02:00  INFO 5241 --- [    Test worker] .s.d.r.c.RepositoryConfigurationDelegate : Finished Spring Data repository scanning in 19 ms. Found 1 MongoDB repository interface.
2024-06-10T12:04:01.862+02:00  INFO 5241 --- [    Test worker] o.s.b.w.embedded.tomcat.TomcatWebServer  : Tomcat initialized with port 0 (http)
2024-06-10T12:04:01.867+02:00  INFO 5241 --- [    Test worker] o.apache.catalina.core.StandardService   : Starting service [Tomcat]
2024-06-10T12:04:01.868+02:00  INFO 5241 --- [    Test worker] o.apache.catalina.core.StandardEngine    : Starting Servlet engine: [Apache Tomcat/10.1.17]
2024-06-10T12:04:01.891+02:00  INFO 5241 --- [    Test worker] o.a.c.c.C.[Tomcat].[localhost].[/]       : Initializing Spring embedded WebApplicationContext
2024-06-10T12:04:01.892+02:00  INFO 5241 --- [    Test worker] w.s.c.ServletWebServerApplicationContext : Root WebApplicationContext: initialization completed in 418 ms
2024-06-10T12:04:01.967+02:00  INFO 5241 --- [    Test worker] org.mongodb.driver.client                : MongoClient with metadata {"driver": {"name": "mongo-java-driver|sync|spring-boot", "version": "4.11.1"}, "os": {"type": "Darwin", "name": "Mac OS X", "architecture": "aarch64", "version": "14.5"}, "platform": "Java/Oracle Corporation/21.0.1+12-29"} created with settings MongoClientSettings{readPreference=primary, writeConcern=WriteConcern{w=null, wTimeout=null ms, journal=null}, retryWrites=true, retryReads=true, readConcern=ReadConcern{level=null}, credential=null, transportSettings=null, streamFactoryFactory=null, commandListeners=[], codecRegistry=ProvidersCodecRegistry{codecProviders=[ValueCodecProvider{}, BsonValueCodecProvider{}, DBRefCodecProvider{}, DBObjectCodecProvider{}, DocumentCodecProvider{}, CollectionCodecProvider{}, IterableCodecProvider{}, MapCodecProvider{}, GeoJsonCodecProvider{}, GridFSFileCodecProvider{}, Jsr310CodecProvider{}, JsonObjectCodecProvider{}, BsonCodecProvider{}, EnumCodecProvider{}, com.mongodb.client.model.mql.ExpressionCodecProvider@4af12a63, com.mongodb.Jep395RecordCodecProvider@1eab8437, com.mongodb.KotlinCodecProvider@72eed547]}, loggerSettings=LoggerSettings{maxDocumentLength=1000}, clusterSettings={hosts=[localhost:27017], srvServiceName=mongodb, mode=SINGLE, requiredClusterType=UNKNOWN, requiredReplicaSetName='null', serverSelector='null', clusterListeners='[]', serverSelectionTimeout='30000 ms', localThreshold='15 ms'}, socketSettings=SocketSettings{connectTimeoutMS=10000, readTimeoutMS=0, receiveBufferSize=0, proxySettings=ProxySettings{host=null, port=null, username=null, password=null}}, heartbeatSocketSettings=SocketSettings{connectTimeoutMS=10000, readTimeoutMS=10000, receiveBufferSize=0, proxySettings=ProxySettings{host=null, port=null, username=null, password=null}}, connectionPoolSettings=ConnectionPoolSettings{maxSize=100, minSize=0, maxWaitTimeMS=120000, maxConnectionLifeTimeMS=0, maxConnectionIdleTimeMS=0, maintenanceInitialDelayMS=0, maintenanceFrequencyMS=60000, connectionPoolListeners=[], maxConnecting=2}, serverSettings=ServerSettings{heartbeatFrequencyMS=10000, minHeartbeatFrequencyMS=500, serverListeners='[]', serverMonitorListeners='[]'}, sslSettings=SslSettings{enabled=false, invalidHostNameAllowed=false, context=null}, applicationName='null', compressorList=[], uuidRepresentation=JAVA_LEGACY, serverApi=null, autoEncryptionSettings=null, dnsClient=null, inetAddressResolver=null, contextProvider=null}
2024-06-10T12:04:01.977+02:00  INFO 5241 --- [localhost:27017] org.mongodb.driver.cluster               : Monitor thread successfully connected to server with description ServerDescription{address=localhost:27017, type=STANDALONE, state=CONNECTED, ok=true, minWireVersion=0, maxWireVersion=21, maxDocumentSize=16777216, logicalSessionTimeoutMinutes=30, roundTripTimeNanos=7984250}
2024-06-10T12:04:02.260+02:00  INFO 5241 --- [    Test worker] o.s.s.web.DefaultSecurityFilterChain     : Will secure any request with [org.springframework.security.web.session.DisableEncodeUrlFilter@4c4215d7, org.springframework.security.web.context.request.async.WebAsyncManagerIntegrationFilter@b56d8a7, org.springframework.security.web.context.SecurityContextHolderFilter@408d945b, org.springframework.security.web.header.HeaderWriterFilter@2ed7978c, org.springframework.security.web.authentication.logout.LogoutFilter@48da64f2, org.springframework.security.web.authentication.www.BasicAuthenticationFilter@601d9f3a, org.springframework.security.web.savedrequest.RequestCacheAwareFilter@59c862af, org.springframework.security.web.servletapi.SecurityContextHolderAwareRequestFilter@4bb9f7d4, org.springframework.security.web.authentication.AnonymousAuthenticationFilter@13f36d75, org.springframework.security.web.session.SessionManagementFilter@146833a2, org.springframework.security.web.access.ExceptionTranslationFilter@33f2eb04, org.springframework.security.web.access.intercept.AuthorizationFilter@24ac6fef]
2024-06-10T12:04:02.337+02:00  INFO 5241 --- [    Test worker] o.s.b.w.embedded.tomcat.TomcatWebServer  : Tomcat started on port 52787 (http) with context path ''
2024-06-10T12:04:02.341+02:00  INFO 5241 --- [    Test worker] a.a.A.p.UserRegistrationControllerTest   : Started UserRegistrationControllerTest in 1.037 seconds (process running for 1.463)
2024-06-10T12:04:03.095+02:00  INFO 5241 --- [o-auto-1-exec-1] o.a.c.c.C.[Tomcat].[localhost].[/]       : Initializing Spring DispatcherServlet 'dispatcherServlet'
2024-06-10T12:04:03.095+02:00  INFO 5241 --- [o-auto-1-exec-1] o.s.web.servlet.DispatcherServlet        : Initializing Servlet 'dispatcherServlet'
2024-06-10T12:04:03.096+02:00  INFO 5241 --- [o-auto-1-exec-1] o.s.web.servlet.DispatcherServlet        : Completed initialization in 1 ms
2024-06-10T12:04:03.124+02:00  INFO 5241 --- [o-auto-1-exec-1] a.a.A.service.UserRegistrationService    : User registration with email vincent.marschalek@yahoo.de
2024-06-10T12:04:03.360+02:00  INFO 5241 --- [o-auto-1-exec-1] a.a.AlphaWeb.email.LoggerMailSenderImpl  : Sending E-Mail via LoggerMailSenderImpl
2024-06-10T12:04:03.360+02:00  INFO 5241 --- [o-auto-1-exec-1] a.a.AlphaWeb.email.LoggerMailSenderImpl  : RECIPIENT: vincent.marschalek@yahoo.de, SUBJECT: Click the link and verify your email to move on., BODY: http://localhost:8080/api/registration/token?userId=3cee0581-373b-4458-b6d6-7f2256be72cb&tokenId=304f9d44-0f88-4ac4-9935-363ed2bd802f
2024-06-10T12:04:03.382+02:00  INFO 5241 --- [o-auto-1-exec-1] a.a.A.service.UserRegistrationService    : User registration with email vincent.marschalek@yahoo.de successful
]]></system-out>
  <system-err><![CDATA[WARNING: A Java agent has been loaded dynamically (/Users/vincent/.gradle/caches/modules-2/files-2.1/net.bytebuddy/byte-buddy-agent/1.14.10/90ed94ac044ea8953b224304c762316e91fd6b31/byte-buddy-agent-1.14.10.jar)
WARNING: If a serviceability tool is in use, please run with -XX:+EnableDynamicAgentLoading to hide this warning
WARNING: If a serviceability tool is not in use, please run with -Djdk.instrument.traceUsage for more information
WARNING: Dynamic loading of agents will be disallowed by default in a future release
]]></system-err>
</testsuite>
