<?xml version="1.0" encoding="UTF-8"?>
<testsuite name="at.alphaplan.AlphaWeb.security.PasswordServiceTest" tests="4" skipped="0" failures="0" errors="0" timestamp="2024-04-25T16:29:01" hostname="Vincents-MacBook-Air.local" time="0.527">
  <properties/>
  <testcase name="encode_shouldReturnHashes_whenProvidingStrongPasswords()" classname="at.alphaplan.AlphaWeb.security.PasswordServiceTest" time="0.149"/>
  <testcase name="encode_shouldReturnDifferentHashes_whenHashingSamePassword()" classname="at.alphaplan.AlphaWeb.security.PasswordServiceTest" time="0.25"/>
  <testcase name="encode_shouldThrow_whenProvidingWeakPasswords()" classname="at.alphaplan.AlphaWeb.security.PasswordServiceTest" time="0.003"/>
  <testcase name="encode_shouldPass_whenProvidingStrongPasswords()" classname="at.alphaplan.AlphaWeb.security.PasswordServiceTest" time="0.123"/>
  <system-out><![CDATA[
  .   ____          _            __ _ _
 /\\ / ___'_ __ _ _(_)_ __  __ _ \ \ \ \
( ( )\___ | '_ | '_| | '_ \/ _` | \ \ \ \
 \\/  ___)| |_)| | | | | || (_| |  ) ) ) )
  '  |____| .__|_| |_|_| |_\__, | / / / /
 =========|_|==============|___/=/_/_/_/
 :: Spring Boot ::                (v3.2.1)

2024-04-25T18:29:01.422+02:00  INFO 87487 --- [    Test worker] a.a.A.security.PasswordServiceTest       : Starting PasswordServiceTest using Java 21.0.1 with PID 87487 (started by vincent in /Users/vincent/Spengergasse/DiplomprojektAlphaPlan/AlphaWebBackend/AlphaWebApp)
2024-04-25T18:29:01.422+02:00  INFO 87487 --- [    Test worker] a.a.A.security.PasswordServiceTest       : No active profile set, falling back to 1 default profile: "default"
2024-04-25T18:29:01.503+02:00  INFO 87487 --- [    Test worker] a.a.A.security.PasswordServiceTest       : Started PasswordServiceTest in 0.098 seconds (process running for 2.234)
Score:4
{bcrypt}$2a$10$m7NQB2kVU6vMrJh7B6JQN.fzxdvYmP8Os/ttXiq/qORT.maqs1OJW
Score:4
Score:4
{bcrypt}$2a$10$y7M4JxIZN/upLwHDY1Hrn.qui29OrqBs3WD0u60lMgkVPMqVJUMIS
{bcrypt}$2a$10$T6.FmQxbIxU5s41uIdF4yeLJGcoDkO1e1uUJG2hyahQtJLSkEL6uu
Score:0
Score:4
]]></system-out>
  <system-err><![CDATA[]]></system-err>
</testsuite>
