<?xml version="1.0" encoding="UTF-8"?>
<testsuite name="at.alphaplan.AlphaWeb.security.PasswordServiceTest" tests="4" skipped="0" failures="0" errors="0" timestamp="2024-02-23T13:05:46" hostname="Vincents-MacBook-Air.local" time="0.16">
  <properties/>
  <testcase name="encode_ShouldReturnHashes_WhenProvidingStrongPasswords()" classname="at.alphaplan.AlphaWeb.security.PasswordServiceTest" time="0.087"/>
  <testcase name="encode_ShouldReturnDifferentHashes_WhenHashingSamePassword()" classname="at.alphaplan.AlphaWeb.security.PasswordServiceTest" time="0.0"/>
  <testcase name="encode_ShouldPass_WhenProvidingStrongPasswords()" classname="at.alphaplan.AlphaWeb.security.PasswordServiceTest" time="0.07"/>
  <testcase name="encode_ShouldFail_WhenProvidingWeakPasswords()" classname="at.alphaplan.AlphaWeb.security.PasswordServiceTest" time="0.001"/>
  <system-out><![CDATA[Score:4
{bcrypt}$2a$10$PPr9JO8NwqemM8qQW7xhAeOEA2QLR8mBQR4T./F5Ay0JFuGE3yw86
Score:4
Score:0
]]></system-out>
  <system-err><![CDATA[]]></system-err>
</testsuite>
