<?xml version="1.0" encoding="UTF-8"?>
<testsuite name="at.alphaplan.AlphaWeb.persistance.UserRepositoryTest" tests="6" skipped="0" failures="0" errors="0" timestamp="2024-04-24T20:41:41" hostname="Vincents-MacBook-Air.local" time="0.472">
  <properties/>
  <testcase name="findByEmail_shouldReturnUser_whenUserExists()" classname="at.alphaplan.AlphaWeb.persistance.UserRepositoryTest" time="0.434"/>
  <testcase name="saveUser_shouldFail_whenIdIsNotUpdated()" classname="at.alphaplan.AlphaWeb.persistance.UserRepositoryTest" time="0.017"/>
  <testcase name="findById_shouldReturnUser_whenUserExists()" classname="at.alphaplan.AlphaWeb.persistance.UserRepositoryTest" time="0.004"/>
  <testcase name="auditFields_shouldBeSetAutomatically()" classname="at.alphaplan.AlphaWeb.persistance.UserRepositoryTest" time="0.004"/>
  <testcase name="saveUser_shouldWork()" classname="at.alphaplan.AlphaWeb.persistance.UserRepositoryTest" time="0.003"/>
  <testcase name="saveUser_shouldFail_withDuplicateEmail()" classname="at.alphaplan.AlphaWeb.persistance.UserRepositoryTest" time="0.005"/>
  <system-out><![CDATA[22:41:40.621 [Test worker] INFO org.springframework.test.context.support.AnnotationConfigContextLoaderUtils -- Could not detect default configuration classes for test class [at.alphaplan.AlphaWeb.persistance.UserRepositoryTest]: UserRepositoryTest does not declare any static, non-private, non-final, nested classes annotated with @Configuration.
22:41:40.670 [Test worker] INFO org.springframework.boot.test.context.SpringBootTestContextBootstrapper -- Found @SpringBootConfiguration at.alphaplan.AlphaWeb.AlphaWebApplication for test class at.alphaplan.AlphaWeb.persistance.UserRepositoryTest

  .   ____          _            __ _ _
 /\\ / ___'_ __ _ _(_)_ __  __ _ \ \ \ \
( ( )\___ | '_ | '_| | '_ \/ _` | \ \ \ \
 \\/  ___)| |_)| | | | | || (_| |  ) ) ) )
  '  |____| .__|_| |_|_| |_\__, | / / / /
 =========|_|==============|___/=/_/_/_/
 :: Spring Boot ::                (v3.2.1)

2024-04-24T22:41:40.807+02:00  INFO 58203 --- [    Test worker] a.a.A.persistance.UserRepositoryTest     : Starting UserRepositoryTest using Java 20.0.2.1 with PID 58203 (started by vincent in /Users/vincent/Spengergasse/DiplomprojektAlphaPlan/AlphaWebBackend/AlphaWebApp)
2024-04-24T22:41:40.808+02:00  INFO 58203 --- [    Test worker] a.a.A.persistance.UserRepositoryTest     : No active profile set, falling back to 1 default profile: "default"
2024-04-24T22:41:40.921+02:00  INFO 58203 --- [    Test worker] .s.d.r.c.RepositoryConfigurationDelegate : Bootstrapping Spring Data MongoDB repositories in DEFAULT mode.
2024-04-24T22:41:40.942+02:00  INFO 58203 --- [    Test worker] .s.d.r.c.RepositoryConfigurationDelegate : Finished Spring Data repository scanning in 18 ms. Found 1 MongoDB repository interface.
2024-04-24T22:41:41.115+02:00  INFO 58203 --- [    Test worker] org.mongodb.driver.client                : MongoClient with metadata {"driver": {"name": "mongo-java-driver|sync|spring-boot", "version": "4.11.1"}, "os": {"type": "Darwin", "name": "Mac OS X", "architecture": "aarch64", "version": "14.4.1"}, "platform": "Java/Amazon.com Inc./20.0.2.1+10-FR"} created with settings MongoClientSettings{readPreference=primary, writeConcern=WriteConcern{w=null, wTimeout=null ms, journal=null}, retryWrites=true, retryReads=true, readConcern=ReadConcern{level=null}, credential=null, transportSettings=null, streamFactoryFactory=null, commandListeners=[], codecRegistry=ProvidersCodecRegistry{codecProviders=[ValueCodecProvider{}, BsonValueCodecProvider{}, DBRefCodecProvider{}, DBObjectCodecProvider{}, DocumentCodecProvider{}, CollectionCodecProvider{}, IterableCodecProvider{}, MapCodecProvider{}, GeoJsonCodecProvider{}, GridFSFileCodecProvider{}, Jsr310CodecProvider{}, JsonObjectCodecProvider{}, BsonCodecProvider{}, EnumCodecProvider{}, com.mongodb.client.model.mql.ExpressionCodecProvider@28a9494b, com.mongodb.Jep395RecordCodecProvider@a09303, com.mongodb.KotlinCodecProvider@1163a27]}, loggerSettings=LoggerSettings{maxDocumentLength=1000}, clusterSettings={hosts=[localhost:27017], srvServiceName=mongodb, mode=SINGLE, requiredClusterType=UNKNOWN, requiredReplicaSetName='null', serverSelector='null', clusterListeners='[]', serverSelectionTimeout='30000 ms', localThreshold='15 ms'}, socketSettings=SocketSettings{connectTimeoutMS=10000, readTimeoutMS=0, receiveBufferSize=0, proxySettings=ProxySettings{host=null, port=null, username=null, password=null}}, heartbeatSocketSettings=SocketSettings{connectTimeoutMS=10000, readTimeoutMS=10000, receiveBufferSize=0, proxySettings=ProxySettings{host=null, port=null, username=null, password=null}}, connectionPoolSettings=ConnectionPoolSettings{maxSize=100, minSize=0, maxWaitTimeMS=120000, maxConnectionLifeTimeMS=0, maxConnectionIdleTimeMS=0, maintenanceInitialDelayMS=0, maintenanceFrequencyMS=60000, connectionPoolListeners=[], maxConnecting=2}, serverSettings=ServerSettings{heartbeatFrequencyMS=10000, minHeartbeatFrequencyMS=500, serverListeners='[]', serverMonitorListeners='[]'}, sslSettings=SslSettings{enabled=false, invalidHostNameAllowed=false, context=null}, applicationName='null', compressorList=[], uuidRepresentation=JAVA_LEGACY, serverApi=null, autoEncryptionSettings=null, dnsClient=null, inetAddressResolver=null, contextProvider=null}
2024-04-24T22:41:41.124+02:00  INFO 58203 --- [localhost:27017] org.mongodb.driver.cluster               : Monitor thread successfully connected to server with description ServerDescription{address=localhost:27017, type=STANDALONE, state=CONNECTED, ok=true, minWireVersion=0, maxWireVersion=21, maxDocumentSize=16777216, logicalSessionTimeoutMinutes=30, roundTripTimeNanos=6887000}
2024-04-24T22:41:41.223+02:00  INFO 58203 --- [    Test worker] a.a.A.persistance.UserRepositoryTest     : Started UserRepositoryTest in 0.523 seconds (process running for 0.937)
]]></system-out>
  <system-err><![CDATA[]]></system-err>
</testsuite>
