<?xml version="1.0" encoding="UTF-8"?>
<testsuite name="at.alphaplan.AlphaWeb.security.PasswordServiceTest" tests="4" skipped="0" failures="0" errors="0" timestamp="2024-05-13T13:31:07" hostname="Vincents-MacBook-Air.local" time="0.301">
  <properties/>
  <testcase name="encode_shouldReturnHashes_whenProvidingStrongPasswords()" classname="at.alphaplan.AlphaWeb.security.PasswordServiceTest" time="0.076"/>
  <testcase name="encode_shouldReturnDifferentHashes_whenHashingSamePassword()" classname="at.alphaplan.AlphaWeb.security.PasswordServiceTest" time="0.145"/>
  <testcase name="encode_shouldThrow_whenProvidingWeakPasswords()" classname="at.alphaplan.AlphaWeb.security.PasswordServiceTest" time="0.002"/>
  <testcase name="encode_shouldPass_whenProvidingStrongPasswords()" classname="at.alphaplan.AlphaWeb.security.PasswordServiceTest" time="0.077"/>
  <system-out><![CDATA[
  .   ____          _            __ _ _
 /\\ / ___'_ __ _ _(_)_ __  __ _ \ \ \ \
( ( )\___ | '_ | '_| | '_ \/ _` | \ \ \ \
 \\/  ___)| |_)| | | | | || (_| |  ) ) ) )
  '  |____| .__|_| |_|_| |_\__, | / / / /
 =========|_|==============|___/=/_/_/_/
 :: Spring Boot ::                (v3.2.1)

2024-05-13T15:31:07.860+02:00  INFO 60380 --- [    Test worker] a.a.A.security.PasswordServiceTest       : Starting PasswordServiceTest using Java 21.0.1 with PID 60380 (started by vincent in /Users/vincent/Spengergasse/DiplomprojektAlphaPlan/AlphaWebBackend/AlphaWebApp)
2024-05-13T15:31:07.860+02:00  INFO 60380 --- [    Test worker] a.a.A.security.PasswordServiceTest       : No active profile set, falling back to 1 default profile: "default"
2024-05-13T15:31:07.878+02:00  INFO 60380 --- [    Test worker] a.a.A.security.PasswordServiceTest       : Started PasswordServiceTest in 0.025 seconds (process running for 2.638)
{bcrypt}$2a$10$VlwH9ctzcSRX2cDA6v2nY.D.sk2dLWIntc8dNKA06XpE2sKHtd1sq
]]></system-out>
  <system-err><![CDATA[]]></system-err>
</testsuite>
