<?xml version="1.0" encoding="UTF-8"?>
<testsuite name="at.alphaplan.AlphaWeb.security.PasswordServiceTest" tests="4" skipped="0" failures="0" errors="0" timestamp="2024-04-25T10:04:28" hostname="Vincents-MacBook-Air.local" time="0.525">
  <properties/>
  <testcase name="encode_shouldReturnHashes_whenProvidingStrongPasswords()" classname="at.alphaplan.AlphaWeb.security.PasswordServiceTest" time="0.148"/>
  <testcase name="encode_shouldReturnDifferentHashes_whenHashingSamePassword()" classname="at.alphaplan.AlphaWeb.security.PasswordServiceTest" time="0.249"/>
  <testcase name="encode_shouldThrow_whenProvidingWeakPasswords()" classname="at.alphaplan.AlphaWeb.security.PasswordServiceTest" time="0.003"/>
  <testcase name="encode_shouldPass_whenProvidingStrongPasswords()" classname="at.alphaplan.AlphaWeb.security.PasswordServiceTest" time="0.123"/>
  <system-out><![CDATA[
  .   ____          _            __ _ _
 /\\ / ___'_ __ _ _(_)_ __  __ _ \ \ \ \
( ( )\___ | '_ | '_| | '_ \/ _` | \ \ \ \
 \\/  ___)| |_)| | | | | || (_| |  ) ) ) )
  '  |____| .__|_| |_|_| |_\__, | / / / /
 =========|_|==============|___/=/_/_/_/
 :: Spring Boot ::                (v3.2.1)

2024-04-25T12:04:28.817+02:00  INFO 66648 --- [    Test worker] a.a.A.security.PasswordServiceTest       : Starting PasswordServiceTest using Java 21.0.1 with PID 66648 (started by vincent in /Users/vincent/Spengergasse/DiplomprojektAlphaPlan/AlphaWebBackend/AlphaWebApp)
2024-04-25T12:04:28.817+02:00  INFO 66648 --- [    Test worker] a.a.A.security.PasswordServiceTest       : No active profile set, falling back to 1 default profile: "default"
2024-04-25T12:04:28.891+02:00  INFO 66648 --- [    Test worker] a.a.A.security.PasswordServiceTest       : Started PasswordServiceTest in 0.091 seconds (process running for 2.171)
Score:4
{bcrypt}$2a$10$Ky98fSi2FTHwFRdC4HNtM.a9SJrmpQhgecVJqrqgrrdZxBZXyoKXK
Score:4
Score:4
{bcrypt}$2a$10$uX0qzoBpq9yL.nW3svA/e.GluYPYwxYEh6aJYKu/q0GvoOK7oh9sS
{bcrypt}$2a$10$pML.AkaeQaGHgynKzD6v9OIem4ssjCF50NOz5X7423RfLI2ungZou
Score:0
Score:4
]]></system-out>
  <system-err><![CDATA[]]></system-err>
</testsuite>
