<?xml version="1.0" encoding="UTF-8"?>
<testsuite name="at.alphaplan.AlphaWeb.persistance.UserRepositoryTest" tests="6" skipped="0" failures="0" errors="0" timestamp="2024-04-25T10:04:28" hostname="Vincents-MacBook-Air.local" time="0.631">
  <properties/>
  <testcase name="findByEmail_shouldReturnUser_whenUserExists()" classname="at.alphaplan.AlphaWeb.persistance.UserRepositoryTest" time="0.595"/>
  <testcase name="saveUser_shouldFail_whenIdIsNotUpdated()" classname="at.alphaplan.AlphaWeb.persistance.UserRepositoryTest" time="0.014"/>
  <testcase name="findById_shouldReturnUser_whenUserExists()" classname="at.alphaplan.AlphaWeb.persistance.UserRepositoryTest" time="0.005"/>
  <testcase name="auditFields_shouldBeSetAutomatically()" classname="at.alphaplan.AlphaWeb.persistance.UserRepositoryTest" time="0.003"/>
  <testcase name="saveUser_shouldWork()" classname="at.alphaplan.AlphaWeb.persistance.UserRepositoryTest" time="0.004"/>
  <testcase name="saveUser_shouldFail_withDuplicateEmail()" classname="at.alphaplan.AlphaWeb.persistance.UserRepositoryTest" time="0.005"/>
  <system-out><![CDATA[12:04:27.254 [Test worker] INFO org.springframework.test.context.support.AnnotationConfigContextLoaderUtils -- Could not detect default configuration classes for test class [at.alphaplan.AlphaWeb.persistance.UserRepositoryTest]: UserRepositoryTest does not declare any static, non-private, non-final, nested classes annotated with @Configuration.
12:04:27.321 [Test worker] INFO org.springframework.boot.test.context.SpringBootTestContextBootstrapper -- Found @SpringBootConfiguration at.alphaplan.AlphaWeb.AlphaWebApplication for test class at.alphaplan.AlphaWeb.persistance.UserRepositoryTest

  .   ____          _            __ _ _
 /\\ / ___'_ __ _ _(_)_ __  __ _ \ \ \ \
( ( )\___ | '_ | '_| | '_ \/ _` | \ \ \ \
 \\/  ___)| |_)| | | | | || (_| |  ) ) ) )
  '  |____| .__|_| |_|_| |_\__, | / / / /
 =========|_|==============|___/=/_/_/_/
 :: Spring Boot ::                (v3.2.1)

2024-04-25T12:04:27.528+02:00  INFO 66648 --- [    Test worker] a.a.A.persistance.UserRepositoryTest     : Starting UserRepositoryTest using Java 21.0.1 with PID 66648 (started by vincent in /Users/vincent/Spengergasse/DiplomprojektAlphaPlan/AlphaWebBackend/AlphaWebApp)
2024-04-25T12:04:27.528+02:00  INFO 66648 --- [    Test worker] a.a.A.persistance.UserRepositoryTest     : No active profile set, falling back to 1 default profile: "default"
2024-04-25T12:04:27.695+02:00  INFO 66648 --- [    Test worker] .s.d.r.c.RepositoryConfigurationDelegate : Bootstrapping Spring Data MongoDB repositories in DEFAULT mode.
2024-04-25T12:04:27.725+02:00  INFO 66648 --- [    Test worker] .s.d.r.c.RepositoryConfigurationDelegate : Finished Spring Data repository scanning in 28 ms. Found 1 MongoDB repository interface.
2024-04-25T12:04:27.988+02:00  INFO 66648 --- [    Test worker] org.mongodb.driver.client                : MongoClient with metadata {"driver": {"name": "mongo-java-driver|sync|spring-boot", "version": "4.11.1"}, "os": {"type": "Darwin", "name": "Mac OS X", "architecture": "aarch64", "version": "14.4.1"}, "platform": "Java/Oracle Corporation/21.0.1+12-29"} created with settings MongoClientSettings{readPreference=primary, writeConcern=WriteConcern{w=null, wTimeout=null ms, journal=null}, retryWrites=true, retryReads=true, readConcern=ReadConcern{level=null}, credential=null, transportSettings=null, streamFactoryFactory=null, commandListeners=[], codecRegistry=ProvidersCodecRegistry{codecProviders=[ValueCodecProvider{}, BsonValueCodecProvider{}, DBRefCodecProvider{}, DBObjectCodecProvider{}, DocumentCodecProvider{}, CollectionCodecProvider{}, IterableCodecProvider{}, MapCodecProvider{}, GeoJsonCodecProvider{}, GridFSFileCodecProvider{}, Jsr310CodecProvider{}, JsonObjectCodecProvider{}, BsonCodecProvider{}, EnumCodecProvider{}, com.mongodb.client.model.mql.ExpressionCodecProvider@1665fa54, com.mongodb.Jep395RecordCodecProvider@6d67f5eb, com.mongodb.KotlinCodecProvider@4f654cee]}, loggerSettings=LoggerSettings{maxDocumentLength=1000}, clusterSettings={hosts=[localhost:27017], srvServiceName=mongodb, mode=SINGLE, requiredClusterType=UNKNOWN, requiredReplicaSetName='null', serverSelector='null', clusterListeners='[]', serverSelectionTimeout='30000 ms', localThreshold='15 ms'}, socketSettings=SocketSettings{connectTimeoutMS=10000, readTimeoutMS=0, receiveBufferSize=0, proxySettings=ProxySettings{host=null, port=null, username=null, password=null}}, heartbeatSocketSettings=SocketSettings{connectTimeoutMS=10000, readTimeoutMS=10000, receiveBufferSize=0, proxySettings=ProxySettings{host=null, port=null, username=null, password=null}}, connectionPoolSettings=ConnectionPoolSettings{maxSize=100, minSize=0, maxWaitTimeMS=120000, maxConnectionLifeTimeMS=0, maxConnectionIdleTimeMS=0, maintenanceInitialDelayMS=0, maintenanceFrequencyMS=60000, connectionPoolListeners=[], maxConnecting=2}, serverSettings=ServerSettings{heartbeatFrequencyMS=10000, minHeartbeatFrequencyMS=500, serverListeners='[]', serverMonitorListeners='[]'}, sslSettings=SslSettings{enabled=false, invalidHostNameAllowed=false, context=null}, applicationName='null', compressorList=[], uuidRepresentation=JAVA_LEGACY, serverApi=null, autoEncryptionSettings=null, dnsClient=null, inetAddressResolver=null, contextProvider=null}
2024-04-25T12:04:28.002+02:00  INFO 66648 --- [localhost:27017] org.mongodb.driver.cluster               : Monitor thread successfully connected to server with description ServerDescription{address=localhost:27017, type=STANDALONE, state=CONNECTED, ok=true, minWireVersion=0, maxWireVersion=21, maxDocumentSize=16777216, logicalSessionTimeoutMinutes=30, roundTripTimeNanos=10433625}
2024-04-25T12:04:28.154+02:00  INFO 66648 --- [    Test worker] a.a.A.persistance.UserRepositoryTest     : Started UserRepositoryTest in 0.79 seconds (process running for 1.433)
]]></system-out>
  <system-err><![CDATA[WARNING: A Java agent has been loaded dynamically (/Users/vincent/.gradle/caches/modules-2/files-2.1/net.bytebuddy/byte-buddy-agent/1.14.10/90ed94ac044ea8953b224304c762316e91fd6b31/byte-buddy-agent-1.14.10.jar)
WARNING: If a serviceability tool is in use, please run with -XX:+EnableDynamicAgentLoading to hide this warning
WARNING: If a serviceability tool is not in use, please run with -Djdk.instrument.traceUsage for more information
WARNING: Dynamic loading of agents will be disallowed by default in a future release
]]></system-err>
</testsuite>
